> Task :app:checkKotlinGradlePluginConfigurationErrors SKIPPED
> Task :app:preBuild UP-TO-DATE
> Task :app:preDebugBuild UP-TO-DATE
> Task :app:checkDebugAarMetadata UP-TO-DATE
> Task :app:processDebugNavigationResources UP-TO-DATE
> Task :app:compileDebugNavigationResources UP-TO-DATE
> Task :app:generateDebugResValues UP-TO-DATE
> Task :app:processDebugGoogleServices UP-TO-DATE
> Task :app:mapDebugSourceSetPaths UP-TO-DATE
> Task :app:generateDebugResources UP-TO-DATE
> Task :app:mergeDebugResources UP-TO-DATE
> Task :app:packageDebugResources UP-TO-DATE
> Task :app:parseDebugLocalResources UP-TO-DATE
> Task :app:createDebugCompatibleScreenManifests UP-TO-DATE
> Task :app:extractDeepLinksDebug UP-TO-DATE
> Task :app:processDebugMainManifest UP-TO-DATE
> Task :app:processDebugManifest UP-TO-DATE
> Task :app:processDebugManifestForPackage UP-TO-DATE
> Task :app:processDebugResources UP-TO-DATE
> Task :app:kaptGenerateStubsDebugKotlin UP-TO-DATE
> Task :app:kaptDebugKotlin UP-TO-DATE

> Task :app:compileDebugKotlin FAILED
e: file:///home/daffarizky/Project%20Halalytics/HalalyticsCompose/app/src/main/java/com/example/halalyticscompose/ui/screens/FavoritesScreen.kt:7:60 Unresolved reference 'Search'.
e: file:///home/daffarizky/Project%20Halalytics/HalalyticsCompose/app/src/main/java/com/example/halalyticscompose/ui/screens/FavoritesScreen.kt:45:30 Unresolved reference 'Icons'.
e: file:///home/daffarizky/Project%20Halalytics/HalalyticsCompose/app/src/main/java/com/example/halalyticscompose/ui/screens/FavoritesScreen.kt:50:30 Unresolved reference 'Icons'.
e: file:///home/daffarizky/Project%20Halalytics/HalalyticsCompose/app/src/main/java/com/example/halalyticscompose/ui/screens/FavoritesScreen.kt:69:26 Unresolved reference 'Icons'.
e: file:///home/daffarizky/Project%20Halalytics/HalalyticsCompose/app/src/main/java/com/example/halalyticscompose/ui/screens/FoodScanScreen.kt:172:53 None of the following candidates is applicable:
val Icons.Filled.Search: ImageVector
val Icons.Outlined.Search: ImageVector
e: file:///home/daffarizky/Project%20Halalytics/HalalyticsCompose/app/src/main/java/com/example/halalyticscompose/ui/screens/FoodScanScreen.kt:296:65 None of the following candidates is applicable:
val Icons.Filled.SearchOff: ImageVector
val Icons.Outlined.SearchOff: ImageVector
e: file:///home/daffarizky/Project%20Halalytics/HalalyticsCompose/app/src/main/java/com/example/halalyticscompose/ui/screens/HistoryScreen.kt:15:60 Unresolved reference 'Search'.
e: file:///home/daffarizky/Project%20Halalytics/HalalyticsCompose/app/src/main/java/com/example/halalyticscompose/ui/screens/HistoryScreen.kt:73:56 Unresolved reference 'Search'.
e: file:///home/daffarizky/Project%20Halalytics/HalalyticsCompose/app/src/main/java/com/example/halalyticscompose/ui/screens/HistoryScreen.kt:92:52 Unresolved reference 'Search'.
e: file:///home/daffarizky/Project%20Halalytics/HalalyticsCompose/app/src/main/java/com/example/halalyticscompose/ui/screens/HomeScreen.kt:15:62 Unresolved reference 'Search'.
e: file:///home/daffarizky/Project%20Halalytics/HalalyticsCompose/app/src/main/java/com/example/halalyticscompose/ui/screens/HomeScreen.kt:215:50 Unresolved reference. None of the following candidates is applicable because of a receiver type mismatch:
val Icons.Filled.Search: ImageVector
e: file:///home/daffarizky/Project%20Halalytics/HalalyticsCompose/app/src/main/java/com/example/halalyticscompose/ui/screens/HomeScreen.kt:635:56 Unresolved reference. None of the following candidates is applicable because of a receiver type mismatch:
val Icons.Filled.Search: ImageVector
e: file:///home/daffarizky/Project%20Halalytics/HalalyticsCompose/app/src/main/java/com/example/halalyticscompose/ui/screens/ManualInputScreen.kt:290:55 Unresolved reference. None of the following candidates is applicable because of a receiver type mismatch:
val Icons.Filled.Search: ImageVector
e: file:///home/daffarizky/Project%20Halalytics/HalalyticsCompose/app/src/main/java/com/example/halalyticscompose/ui/screens/OCRScanScreen.kt:396:63 Unresolved reference. None of the following candidates is applicable because of a receiver type mismatch:
val Icons.Filled.Search: ImageVector
e: file:///home/daffarizky/Project%20Halalytics/HalalyticsCompose/app/src/main/java/com/example/halalyticscompose/ui/screens/ScanHistoryScreen.kt:101:58 None of the following candidates is applicable:
val Icons.Filled.Search: ImageVector
val Icons.Outlined.Search: ImageVector
e: file:///home/daffarizky/Project%20Halalytics/HalalyticsCompose/app/src/main/java/com/example/halalyticscompose/ui/screens/ScanHistoryScreen.kt:178:55 None of the following candidates is applicable:
val Icons.Filled.Refresh: ImageVector
val Icons.Outlined.Refresh: ImageVector

FAILURE: Build failed with an exception.

* What went wrong:
Execution failed for task ':app:compileDebugKotlin'.
> A failure occurred while executing org.jetbrains.kotlin.compilerRunner.GradleCompilerRunnerWithWorkers$GradleKotlinCompilerWorkAction
   > Compilation error. See log for more details

* Try:
> Run with --stacktrace option to get the stack trace.
> Run with --info or --debug option to get more log output.
> Run with --scan to get full insights.
> Get more help at https://help.gradle.org.

BUILD FAILED in 21s
19 actionable tasks: 1 executed, 18 up-to-date
